\BOOKMARK [0][-]{chapter.1}{Einleitung - AW}{}% 1
\BOOKMARK [0][-]{chapter.2}{M\366gliche Soll-Situation im Hinblick auf die heutigen und zuk\374nftigen Aufgaben - AE, JL, HS}{}% 2
\BOOKMARK [1][-]{section.2.1}{Marketing - AE}{chapter.2}% 3
\BOOKMARK [2][-]{subsection.2.1.1}{Externes Hochschulmarketing}{section.2.1}% 4
\BOOKMARK [3][-]{subsubsection.2.1.1.1}{Webseite}{subsection.2.1.1}% 5
\BOOKMARK [3][-]{subsubsection.2.1.1.2}{Soziale Netzwerke}{subsection.2.1.1}% 6
\BOOKMARK [3][-]{subsubsection.2.1.1.3}{Verteilte Content-Erzeugung}{subsection.2.1.1}% 7
\BOOKMARK [2][-]{subsection.2.1.2}{Internes Hochschulmarketing}{section.2.1}% 8
\BOOKMARK [3][-]{subsubsection.2.1.2.1}{Fokussierter Support}{subsection.2.1.2}% 9
\BOOKMARK [3][-]{subsubsection.2.1.2.2}{Schulungen}{subsection.2.1.2}% 10
\BOOKMARK [3][-]{subsubsection.2.1.2.3}{Integration}{subsection.2.1.2}% 11
\BOOKMARK [1][-]{section.2.2}{Support und Fortentwicklung - AE}{chapter.2}% 12
\BOOKMARK [2][-]{subsection.2.2.1}{Support}{section.2.2}% 13
\BOOKMARK [3][-]{subsubsection.2.2.1.1}{Zentrale Dokumentation}{subsection.2.2.1}% 14
\BOOKMARK [3][-]{subsubsection.2.2.1.2}{Knowledge Base}{subsection.2.2.1}% 15
\BOOKMARK [2][-]{subsection.2.2.2}{Fortentwicklung}{section.2.2}% 16
\BOOKMARK [3][-]{subsubsection.2.2.2.1}{Feedback}{subsection.2.2.2}% 17
\BOOKMARK [3][-]{subsubsection.2.2.2.2}{Innovationseingabe}{subsection.2.2.2}% 18
\BOOKMARK [3][-]{subsubsection.2.2.2.3}{Erfahrungsgetriebene Fortentwicklung}{subsection.2.2.2}% 19
\BOOKMARK [1][-]{section.2.3}{Hard- und Software - HS}{chapter.2}% 20
\BOOKMARK [2][-]{subsection.2.3.1}{Kernanforderungen}{section.2.3}% 21
\BOOKMARK [2][-]{subsection.2.3.2}{Bereichs\374bergreifende Basissysteme}{section.2.3}% 22
\BOOKMARK [3][-]{subsubsection.2.3.2.1}{Identity Management}{subsection.2.3.2}% 23
\BOOKMARK [3][-]{subsubsection.2.3.2.2}{Gesch\344ftsprozesse}{subsection.2.3.2}% 24
\BOOKMARK [3][-]{subsubsection.2.3.2.3}{Content Management}{subsection.2.3.2}% 25
\BOOKMARK [2][-]{subsection.2.3.3}{Spezialsysteme}{section.2.3}% 26
\BOOKMARK [3][-]{subsubsection.2.3.3.1}{Lernplattform}{subsection.2.3.3}% 27
\BOOKMARK [3][-]{subsubsection.2.3.3.2}{Publikationen}{subsection.2.3.3}% 28
\BOOKMARK [3][-]{subsubsection.2.3.3.3}{Evaluation}{subsection.2.3.3}% 29
\BOOKMARK [3][-]{subsubsection.2.3.3.4}{Campus Portal}{subsection.2.3.3}% 30
\BOOKMARK [3][-]{subsubsection.2.3.3.5}{Integrierte Gesamtsuche}{subsection.2.3.3}% 31
\BOOKMARK [2][-]{subsection.2.3.4}{Ausblick bei Integration der Bibliothek}{section.2.3}% 32
\BOOKMARK [1][-]{section.2.4}{Abw\344gung des Einsatzes eines Informationsmanagers an der Hochschule Emden/Leer - JL}{chapter.2}% 33
\BOOKMARK [2][-]{subsection.2.4.1}{Analyse des Ist-Zustandes}{section.2.4}% 34
\BOOKMARK [2][-]{subsection.2.4.2}{Betrachtung des zu erwartenden Soll-Zustandes}{section.2.4}% 35
\BOOKMARK [3][-]{subsubsection.2.4.2.1}{Empfehlungen der ZKI bez\374glich des Informationsmanagers}{subsection.2.4.2}% 36
\BOOKMARK [3][-]{subsubsection.2.4.2.2}{Informationsmanager oder Gremium als zentrale Informationsschnittstelle}{subsection.2.4.2}% 37
\BOOKMARK [2][-]{subsection.2.4.3}{Empfehlung f\374r die Hochschule Emden/Leer}{section.2.4}% 38
\BOOKMARK [0][-]{chapter.3}{Zusammenfassung - AW}{}% 39
\BOOKMARK [0][-]{chapter*.15}{Literatur- und Quellenverzeichnis}{}% 40
\BOOKMARK [0][-]{chapter*.16}{Tabellenverzeichnis}{}% 41
\BOOKMARK [0][-]{chapter*.17}{Abbildungsverzeichnis}{}% 42
\BOOKMARK [0][-]{chapter*.18}{Anhang}{}% 43
